  main_mt.cpp
D:\Мои документы\Лабы и рефераты\5 курс 1 семестр\Информационный поиск\ЛР3\Булев индекс\main_mt.cpp(74,50): warning C4267: аргумент: преобразование из "size_t" в "int"; возможна потеря данных
D:\Мои документы\Лабы и рефераты\5 курс 1 семестр\Информационный поиск\ЛР3\Булев индекс\main_mt.cpp(80,49): warning C4267: аргумент: преобразование из "size_t" в "int"; возможна потеря данных
D:\Мои документы\Лабы и рефераты\5 курс 1 семестр\Информационный поиск\ЛР3\Булев индекс\main_mt.cpp(89,53): warning C4267: аргумент: преобразование из "size_t" в "int"; возможна потеря данных
D:\Мои документы\Лабы и рефераты\5 курс 1 семестр\Информационный поиск\ЛР3\Булев индекс\main_mt.cpp(96,35): warning C4267: аргумент: преобразование из "size_t" в "int"; возможна потеря данных
D:\Мои документы\Лабы и рефераты\5 курс 1 семестр\Информационный поиск\ЛР3\Булев индекс\main_mt.cpp(112,72): warning C4267: аргумент: преобразование из "size_t" в "int"; возможна потеря данных
D:\Мои документы\Лабы и рефераты\5 курс 1 семестр\Информационный поиск\ЛР3\Булев индекс\main_mt.cpp(114,33): warning C4267: =: преобразование из "size_t" в "int"; возможна потеря данных
D:\Мои документы\Лабы и рефераты\5 курс 1 семестр\Информационный поиск\ЛР3\Булев индекс\main_mt.cpp(298,32): warning C4267: =: преобразование из "size_t" в "int"; возможна потеря данных
D:\Мои документы\Лабы и рефераты\5 курс 1 семестр\Информационный поиск\ЛР3\Булев индекс\main_mt.cpp(348,58): warning C4267: аргумент: преобразование из "size_t" в "int"; возможна потеря данных
D:\Мои документы\Лабы и рефераты\5 курс 1 семестр\Информационный поиск\ЛР3\Булев индекс\main_mt.cpp(367,44): warning C4267: =: преобразование из "size_t" в "uint"; возможна потеря данных
D:\Мои документы\Лабы и рефераты\5 курс 1 семестр\Информационный поиск\ЛР3\Булев индекс\main_mt.cpp(369,31): warning C4018: <: несоответствие типов со знаком и без знака
D:\Мои документы\Лабы и рефераты\5 курс 1 семестр\Информационный поиск\ЛР3\Булев индекс\main_mt.cpp(374,31): warning C4018: <: несоответствие типов со знаком и без знака
D:\Мои документы\Лабы и рефераты\5 курс 1 семестр\Информационный поиск\ЛР3\Булев индекс\main_mt.cpp(386,42): warning C4267: =: преобразование из "size_t" в "uint"; возможна потеря данных
D:\Мои документы\Лабы и рефераты\5 курс 1 семестр\Информационный поиск\ЛР3\Булев индекс\main_mt.cpp(396,48): warning C4267: =: преобразование из "size_t" в "uint"; возможна потеря данных
D:\Мои документы\Лабы и рефераты\5 курс 1 семестр\Информационный поиск\ЛР3\Булев индекс\main_mt.cpp(401,57): warning C4267: =: преобразование из "size_t" в "uint"; возможна потеря данных
D:\Мои документы\Лабы и рефераты\5 курс 1 семестр\Информационный поиск\ЛР3\Булев индекс\main_mt.cpp(467,27): warning C4018: <: несоответствие типов со знаком и без знака
D:\Мои документы\Лабы и рефераты\5 курс 1 семестр\Информационный поиск\ЛР3\Булев индекс\main_mt.cpp(506,27): warning C4018: <: несоответствие типов со знаком и без знака
D:\Мои документы\Лабы и рефераты\5 курс 1 семестр\Информационный поиск\ЛР3\Булев индекс\main_mt.cpp(531,27): warning C4018: <: несоответствие типов со знаком и без знака
D:\Мои документы\Лабы и рефераты\5 курс 1 семестр\Информационный поиск\ЛР3\Булев индекс\main_mt.cpp(613,31): warning C4018: <: несоответствие типов со знаком и без знака
D:\Мои документы\Лабы и рефераты\5 курс 1 семестр\Информационный поиск\ЛР3\Булев индекс\main_mt.cpp(622,36): warning C4267: =: преобразование из "size_t" в "uint"; возможна потеря данных
D:\Мои документы\Лабы и рефераты\5 курс 1 семестр\Информационный поиск\ЛР3\Булев индекс\main_mt.cpp(627,38): warning C4267: =: преобразование из "size_t" в "uint"; возможна потеря данных
  Создание кода
  2 of 1247 functions ( 0.2%) were compiled, the rest were copied from previous compilation.
    0 functions were new in current compilation
    0 functions had inline decision re-evaluated but remain unchanged
  Создание кода завершено
  Булев индекс.vcxproj -> D:\Мои документы\Лабы и рефераты\5 курс 1 семестр\Информационный поиск\ЛР3\Булев индекс\x64\Release\Булев индекс.exe
